<?xml version="1.0" encoding="UTF-8"?>
<testsuites>
    <testsuite name="force.apex" timestamp="2025-05-05T20:43:07.000Z" hostname="https://creative-shark-uz6hvl-dev-ed.trailblaze.my.salesforce.com" tests="1" failures="0"  errors="0"  time="0.04">
        <properties>
            <property name="outcome" value="Successful"/>
            <property name="testsRan" value="1"/>
            <property name="passing" value="1"/>
            <property name="failing" value="0"/>
            <property name="skipped" value="0"/>
            <property name="passRate" value="100%"/>
            <property name="failRate" value="0%"/>
            <property name="testStartTime" value="Mon May 05 2025 4:43:07 pm"/>
            <property name="testSetupTimeInMs" value="0"/>
            <property name="testExecutionTime" value="0.04 s"/>
            <property name="testTotalTime" value="0.04 s"/>
            <property name="commandTime" value="0.15 s"/>
            <property name="hostname" value="https://creative-shark-uz6hvl-dev-ed.trailblaze.my.salesforce.com"/>
            <property name="orgId" value="00Daj00000PxeavEAB"/>
            <property name="username" value="priyaparmar628@creative-shark-uz6hvl.com"/>
            <property name="testRunId" value="707aj00000KYAHg"/>
            <property name="userId" value="005aj00000Fyvq6AAB"/>
            <property name="coveredLines" value="15"/>
            <property name="testRunCoverage" value="94%"/>
            <property name="orgWideCoverage" value="57%"/>
        </properties>
        <testcase name="testGetAnimals" classname="AnimalAPITest" time="0.04">
        </testcase>
    </testsuite>
</testsuites>
